# JRE version: OpenJDK Runtime Environment (8.0_242-b01) (build 1.8.0_242-release-1644-b01)
# Java VM: OpenJDK 64-Bit Server VM (25.242-b01 mixed mode windows-amd64 compressed oops)
Heap:
 PSYoungGen      total 131584K, used 15221K [0x00000000d5580000, 0x00000000def80000, 0x0000000100000000)
  eden space 119808K, 12% used [0x00000000d5580000,0x00000000d645d778,0x00000000dca80000)
  from space 11776K, 0% used [0x00000000dca80000,0x00000000dca80000,0x00000000dd600000)
  to   space 15360K, 0% used [0x00000000de080000,0x00000000de080000,0x00000000def80000)
 ParOldGen       total 79872K, used 30365K [0x0000000080000000, 0x0000000084e00000, 0x00000000d5580000)
  object space 79872K, 38% used [0x0000000080000000,0x0000000081da7408,0x0000000084e00000)
 Metaspace       used 57400K, capacity 59606K, committed 59800K, reserved 1101824K
  class space    used 7820K, capacity 8282K, committed 8368K, reserved 1048576K
GC Heap History (10 events):
Event: 17.260 GC heap before
{Heap before GC invocations=14 (full 2):
 PSYoungGen      total 95744K, used 83456K [0x00000000d5580000, 0x00000000de700000, 0x0000000100000000)
  eden space 83456K, 100% used [0x00000000d5580000,0x00000000da700000,0x00000000da700000)
  from space 12288K, 0% used [0x00000000da700000,0x00000000da700000,0x00000000db300000)
  to   space 12288K, 0% used [0x00000000ddb00000,0x00000000ddb00000,0x00000000de700000)
 ParOldGen       total 79872K, used 14531K [0x0000000080000000, 0x0000000084e00000, 0x00000000d5580000)
  object space 79872K, 18% used [0x0000000080000000,0x0000000080e30e50,0x0000000084e00000)
 Metaspace       used 36767K, capacity 38322K, committed 38440K, reserved 1083392K
  class space    used 5058K, capacity 5354K, committed 5424K, reserved 1048576K
Event: 17.269 GC heap after
Heap after GC invocations=14 (full 2):
 PSYoungGen      total 110592K, used 6175K [0x00000000d5580000, 0x00000000de180000, 0x0000000100000000)
  eden space 103936K, 0% used [0x00000000d5580000,0x00000000d5580000,0x00000000dbb00000)
  from space 6656K, 92% used [0x00000000ddb00000,0x00000000de107c68,0x00000000de180000)
  to   space 11776K, 0% used [0x00000000dca80000,0x00000000dca80000,0x00000000dd600000)
 ParOldGen       total 79872K, used 14539K [0x0000000080000000, 0x0000000084e00000, 0x00000000d5580000)
  object space 79872K, 18% used [0x0000000080000000,0x0000000080e32e50,0x0000000084e00000)
 Metaspace       used 36767K, capacity 38322K, committed 38440K, reserved 1083392K
  class space    used 5058K, capacity 5354K, committed 5424K, reserved 1048576K
}
Event: 20.101 GC heap before
{Heap before GC invocations=15 (full 2):
 PSYoungGen      total 110592K, used 110111K [0x00000000d5580000, 0x00000000de180000, 0x0000000100000000)
  eden space 103936K, 100% used [0x00000000d5580000,0x00000000dbb00000,0x00000000dbb00000)
  from space 6656K, 92% used [0x00000000ddb00000,0x00000000de107c68,0x00000000de180000)
  to   space 11776K, 0% used [0x00000000dca80000,0x00000000dca80000,0x00000000dd600000)
 ParOldGen       total 79872K, used 14539K [0x0000000080000000, 0x0000000084e00000, 0x00000000d5580000)
  object space 79872K, 18% used [0x0000000080000000,0x0000000080e32e50,0x0000000084e00000)
 Metaspace       used 46404K, capacity 48272K, committed 48424K, reserved 1091584K
  class space    used 6278K, capacity 6662K, committed 6704K, reserved 1048576K
Event: 20.124 GC heap after
Heap after GC invocations=15 (full 2):
 PSYoungGen      total 131584K, used 11751K [0x00000000d5580000, 0x00000000def80000, 0x0000000100000000)
  eden space 119808K, 0% used [0x00000000d5580000,0x00000000d5580000,0x00000000dca80000)
  from space 11776K, 99% used [0x00000000dca80000,0x00000000dd5f9e48,0x00000000dd600000)
  to   space 15360K, 0% used [0x00000000de080000,0x00000000de080000,0x00000000def80000)
 ParOldGen       total 79872K, used 19613K [0x0000000080000000, 0x0000000084e00000, 0x00000000d5580000)
  object space 79872K, 24% used [0x0000000080000000,0x00000000813277a8,0x0000000084e00000)
 Metaspace       used 46404K, capacity 48272K, committed 48424K, reserved 1091584K
  class space    used 6278K, capacity 6662K, committed 6704K, reserved 1048576K
}
Event: 23.613 GC heap before
{Heap before GC invocations=16 (full 2):
 PSYoungGen      total 131584K, used 131559K [0x00000000d5580000, 0x00000000def80000, 0x0000000100000000)
  eden space 119808K, 100% used [0x00000000d5580000,0x00000000dca80000,0x00000000dca80000)
  from space 11776K, 99% used [0x00000000dca80000,0x00000000dd5f9e48,0x00000000dd600000)
  to   space 15360K, 0% used [0x00000000de080000,0x00000000de080000,0x00000000def80000)
 ParOldGen       total 79872K, used 19613K [0x0000000080000000, 0x0000000084e00000, 0x00000000d5580000)
  object space 79872K, 24% used [0x0000000080000000,0x00000000813277a8,0x0000000084e00000)
 Metaspace       used 56610K, capacity 58882K, committed 59160K, reserved 1099776K
  class space    used 7667K, capacity 8134K, committed 8240K, reserved 1048576K
Event: 23.645 GC heap after
Heap after GC invocations=16 (full 2):
 PSYoungGen      total 135168K, used 15329K [0x00000000d5580000, 0x00000000def80000, 0x0000000100000000)
  eden space 119808K, 0% used [0x00000000d5580000,0x00000000d5580000,0x00000000dca80000)
  from space 15360K, 99% used [0x00000000de080000,0x00000000def78648,0x00000000def80000)
  to   space 11776K, 0% used [0x00000000dca80000,0x00000000dca80000,0x00000000dd600000)
 ParOldGen       total 79872K, used 29701K [0x0000000080000000, 0x0000000084e00000, 0x00000000d5580000)
  object space 79872K, 37% used [0x0000000080000000,0x0000000081d01540,0x0000000084e00000)
 Metaspace       used 56610K, capacity 58882K, committed 59160K, reserved 1099776K
  class space    used 7667K, capacity 8134K, committed 8240K, reserved 1048576K
}
Event: 23.709 GC heap before
{Heap before GC invocations=17 (full 2):
 PSYoungGen      total 135168K, used 17536K [0x00000000d5580000, 0x00000000def80000, 0x0000000100000000)
  eden space 119808K, 1% used [0x00000000d5580000,0x00000000d57a79f8,0x00000000dca80000)
  from space 15360K, 99% used [0x00000000de080000,0x00000000def78648,0x00000000def80000)
  to   space 11776K, 0% used [0x00000000dca80000,0x00000000dca80000,0x00000000dd600000)
 ParOldGen       total 79872K, used 29701K [0x0000000080000000, 0x0000000084e00000, 0x00000000d5580000)
  object space 79872K, 37% used [0x0000000080000000,0x0000000081d01540,0x0000000084e00000)
 Metaspace       used 56782K, capacity 59016K, committed 59160K, reserved 1099776K
  class space    used 7687K, capacity 8135K, committed 8240K, reserved 1048576K
Event: 23.720 GC heap after
Heap after GC invocations=17 (full 2):
 PSYoungGen      total 131584K, used 400K [0x00000000d5580000, 0x00000000def80000, 0x0000000100000000)
  eden space 119808K, 0% used [0x00000000d5580000,0x00000000d5580000,0x00000000dca80000)
  from space 11776K, 3% used [0x00000000dca80000,0x00000000dcae4260,0x00000000dd600000)
  to   space 15360K, 0% used [0x00000000de080000,0x00000000de080000,0x00000000def80000)
 ParOldGen       total 79872K, used 37032K [0x0000000080000000, 0x0000000084e00000, 0x00000000d5580000)
  object space 79872K, 46% used [0x0000000080000000,0x000000008242a2d8,0x0000000084e00000)
 Metaspace       used 56782K, capacity 59016K, committed 59160K, reserved 1099776K
  class space    used 7687K, capacity 8135K, committed 8240K, reserved 1048576K
}
Event: 23.720 GC heap before
{Heap before GC invocations=18 (full 3):
 PSYoungGen      total 131584K, used 400K [0x00000000d5580000, 0x00000000def80000, 0x0000000100000000)
  eden space 119808K, 0% used [0x00000000d5580000,0x00000000d5580000,0x00000000dca80000)
  from space 11776K, 3% used [0x00000000dca80000,0x00000000dcae4260,0x00000000dd600000)
  to   space 15360K, 0% used [0x00000000de080000,0x00000000de080000,0x00000000def80000)
 ParOldGen       total 79872K, used 37032K [0x0000000080000000, 0x0000000084e00000, 0x00000000d5580000)
  object space 79872K, 46% used [0x0000000080000000,0x000000008242a2d8,0x0000000084e00000)
 Metaspace       used 56782K, capacity 59016K, committed 59160K, reserved 1099776K
  class space    used 7687K, capacity 8135K, committed 8240K, reserved 1048576K
Event: 24.092 GC heap after
Heap after GC invocations=18 (full 3):
 PSYoungGen      total 131584K, used 0K [0x00000000d5580000, 0x00000000def80000, 0x0000000100000000)
  eden space 119808K, 0% used [0x00000000d5580000,0x00000000d5580000,0x00000000dca80000)
  from space 11776K, 0% used [0x00000000dca80000,0x00000000dca80000,0x00000000dd600000)
  to   space 15360K, 0% used [0x00000000de080000,0x00000000de080000,0x00000000def80000)
 ParOldGen       total 79872K, used 30365K [0x0000000080000000, 0x0000000084e00000, 0x00000000d5580000)
  object space 79872K, 38% used [0x0000000080000000,0x0000000081da7408,0x0000000084e00000)
 Metaspace       used 56739K, capacity 58872K, committed 59160K, reserved 1099776K
  class space    used 7674K, capacity 8111K, committed 8240K, reserved 1048576K
}

